[2025-03-06 21:33:34.671] [info] Loaded model model from file footModel_1.osim
[2025-03-06 21:33:34.672] [info] Loaded model model from file footModel_1.osim
[2025-03-06 21:33:34.672] [info] Loaded model model from file footModel_1.osim
[2025-03-06 21:33:34.672] [warning] Couldn't find file 'r_foot.vtp'.
[2025-03-06 21:33:34.672] [warning] Couldn't find file 'r_foot.vtp'.
[2025-03-06 21:33:34.672] [warning] Couldn't find file 'r_foot.vtp'.
[2025-03-06 21:33:34.672] [warning] Couldn't find file 'r_foot.vtp'.
[2025-03-06 21:33:34.672] [info] Loaded model model from file footModel_1.osim
[2025-03-06 21:33:34.672] [warning] Couldn't find file 'r_foot.vtp'.
[2025-03-06 21:33:34.672] [warning] Couldn't find file 'r_bofoot.vtp'.
[2025-03-06 21:33:34.672] [warning] Couldn't find file 'r_bofoot.vtp'.
[2025-03-06 21:33:34.672] [warning] Couldn't find file 'r_bofoot.vtp'.
[2025-03-06 21:33:34.672] [warning] Couldn't find file 'r_bofoot.vtp'.
[2025-03-06 21:33:34.675] [info] Loaded model model from file footModel_1.osim
[2025-03-06 21:33:34.675] [info] Loaded model model from file footModel_1.osim
[2025-03-06 21:33:34.676] [warning] Couldn't find file 'r_foot.vtp'.
[2025-03-06 21:33:34.675] [info] Loaded model model from file footModel_1.osim
[2025-03-06 21:33:34.676] [info] Loaded model model from file footModel_1.osim
[2025-03-06 21:33:34.676] [warning] Couldn't find file 'r_foot.vtp'.
[2025-03-06 21:33:34.676] [warning] Couldn't find file 'r_foot.vtp'.
[2025-03-06 21:33:34.676] [warning] Couldn't find file 'r_bofoot.vtp'.
[2025-03-06 21:33:34.676] [warning] Couldn't find file 'r_bofoot.vtp'.
[2025-03-06 21:33:34.676] [warning] Couldn't find file 'r_foot.vtp'.
[2025-03-06 21:33:34.676] [warning] Couldn't find file 'r_bofoot.vtp'.
[2025-03-06 21:33:34.676] [warning] Couldn't find file 'r_bofoot.vtp'.
[2025-03-06 21:33:34.676] [info] Loaded model model from file footModel_1.osim
[2025-03-06 21:33:34.677] [warning] Couldn't find file 'r_foot.vtp'.
[2025-03-06 21:33:34.677] [warning] Couldn't find file 'r_bofoot.vtp'.
[2025-03-06 21:33:34.677] [info] Loaded model model from file footModel_1.osim
[2025-03-06 21:33:34.677] [info] Loaded model model from file footModel_1.osim
[2025-03-06 21:33:34.677] [info] Loaded model model from file footModel_1.osim
[2025-03-06 21:33:34.677] [info] Loaded model model from file footModel_1.osim
[2025-03-06 21:33:34.678] [warning] Couldn't find file 'r_foot.vtp'.
[2025-03-06 21:33:34.678] [warning] Couldn't find file 'r_foot.vtp'.
[2025-03-06 21:33:34.678] [warning] Couldn't find file 'r_foot.vtp'.
[2025-03-06 21:33:34.678] [warning] Couldn't find file 'r_bofoot.vtp'.
[2025-03-06 21:33:34.678] [warning] Couldn't find file 'r_bofoot.vtp'.
[2025-03-06 21:33:34.678] [warning] Couldn't find file 'r_bofoot.vtp'.
[2025-03-06 21:33:34.687] [info] Loaded model model from file footModel_2.osim
[2025-03-06 21:33:34.687] [warning] Couldn't find file 'l_foot.vtp'.
[2025-03-06 21:33:34.687] [warning] Couldn't find file 'l_bofoot.vtp'.
[2025-03-06 21:33:34.688] [info] Loaded model model from file footModel_2.osim
[2025-03-06 21:33:34.688] [info] Loaded model model from file footModel_2.osim
[2025-03-06 21:33:34.688] [warning] Couldn't find file 'l_foot.vtp'.
[2025-03-06 21:33:34.688] [warning] Couldn't find file 'l_foot.vtp'.
[2025-03-06 21:33:34.688] [warning] Couldn't find file 'l_bofoot.vtp'.
[2025-03-06 21:33:34.688] [info] Loaded model model from file footModel_2.osim
[2025-03-06 21:33:34.688] [warning] Couldn't find file 'l_bofoot.vtp'.
[2025-03-06 21:33:34.688] [warning] Couldn't find file 'l_foot.vtp'.
[2025-03-06 21:33:34.688] [info] Loaded model model from file footModel_2.osim
[2025-03-06 21:33:34.688] [warning] Couldn't find file 'l_foot.vtp'.
[2025-03-06 21:33:34.688] [warning] Couldn't find file 'l_foot.vtp'.
[2025-03-06 21:33:34.688] [warning] Couldn't find file 'l_bofoot.vtp'.
[2025-03-06 21:33:34.688] [warning] Couldn't find file 'l_bofoot.vtp'.
[2025-03-06 21:33:34.688] [info] Loaded model model from file footModel_2.osim
[2025-03-06 21:33:34.689] [warning] Couldn't find file 'l_foot.vtp'.
[2025-03-06 21:33:34.689] [warning] Couldn't find file 'l_bofoot.vtp'.
[2025-03-06 21:33:34.689] [warning] Couldn't find file 'l_bofoot.vtp'.
[2025-03-06 21:33:34.690] [info] Loaded model model from file footModel_2.osim
[2025-03-06 21:33:34.690] [info] Loaded model model from file footModel_2.osim
[2025-03-06 21:33:34.690] [warning] Couldn't find file 'l_foot.vtp'.
[2025-03-06 21:33:34.690] [warning] Couldn't find file 'l_foot.vtp'.
[2025-03-06 21:33:34.690] [info] Loaded model model from file footModel_2.osim
[2025-03-06 21:33:34.690] [info] Loaded model model from file footModel_2.osim
[2025-03-06 21:33:34.691] [warning] Couldn't find file 'l_bofoot.vtp'.
[2025-03-06 21:33:34.691] [warning] Couldn't find file 'l_foot.vtp'.

[2025-03-06 21:33:34.691] [warning] Couldn't find file 'l_foot.vtp'.
[2025-03-06 21:33:34.691] [warning] Couldn't find file 'l_bofoot.vtp'.
[2025-03-06 21:33:34.691] [warning] Couldn't find file 'l_bofoot.vtp'.
[2025-03-06 21:33:34.691] [info] Loaded model model from file footModel_2.osim
[2025-03-06 21:33:34.691] [info] Loaded model model from file footModel_2.osim
[2025-03-06 21:33:34.691] [warning] Couldn't find file 'l_foot.vtp'.
[2025-03-06 21:33:34.691] [warning] Couldn't find file 'l_foot.vtp'.
[2025-03-06 21:33:34.692] [info] Loaded model model from file footModel_2.osim
[2025-03-06 21:33:34.692] [info] Loaded model model from file footModel_2.osim
[2025-03-06 21:33:34.692] [info] Loaded model model from file footModel_2.osim
[2025-03-06 21:33:34.692] [warning] Couldn't find file 'l_bofoot.vtp'.
[2025-03-06 21:33:34.692] [warning] Couldn't find file 'l_bofoot.vtp'.
[2025-03-06 21:33:34.692] [warning] Couldn't find file 'l_foot.vtp'.
[2025-03-06 21:33:34.692] [warning] Couldn't find file 'l_foot.vtp'.
[2025-03-06 21:33:34.692] [warning] Couldn't find file 'l_foot.vtp'.

[2025-03-06 21:33:34.692] [warning] Couldn't find file 'l_bofoot.vtp'.
[2025-03-06 21:33:34.693] [warning] Couldn't find file 'l_bofoot.vtp'.
[2025-03-06 21:33:35.287] [info] Loaded model model from file footModel_1.osim
[2025-03-06 21:33:35.287] [warning] Couldn't find file 'r_foot.vtp'.
[2025-03-06 21:33:35.287] [warning] Couldn't find file 'r_bofoot.vtp'.
[2025-03-06 21:33:35.287] [info] Loaded model model from file footModel_1.osim
[2025-03-06 21:33:35.287] [warning] Couldn't find file 'r_foot.vtp'.
l_1.osim
[2025-03-06 21:33:35.288] [warning] Couldn't find file 'r_bofoot.vtp'.
[2025-03-06 21:33:35.288] [warning] Couldn't find file 'r_foot.vtp'.
[2025-03-06 21:33:35.288] [warning] Couldn't find file 'r_bofoot.vtp'.
[2025-03-06 21:33:35.288] [info] Loaded model model from file footModel_1.osim
[2025-03-06 21:33:35.288] [info] Loaded model model from file footModel_1.osim
[2025-03-06 21:33:35.288] [warning] Couldn't find file 'r_foot.vtp'.
l_1.osim
[2025-03-06 21:33:35.288] [warning] Couldn't find file 'r_foot.vtp'.
[2025-03-06 21:33:35.288] [warning] Couldn't find file 'r_bofoot.vtp'.
[2025-03-06 21:33:35.288] [warning] Couldn't find file 'r_foot.vtp'.
[2025-03-06 21:33:35.288] [warning] Couldn't find file 'r_bofoot.vtp'.
[2025-03-06 21:33:35.288] [warning] Couldn't find file 'r_bofoot.vtp'.
1.osim
[2025-03-06 21:33:35.288] [warning] Couldn't find file 'r_foot.vtp'.
[2025-03-06 21:33:35.288] [warning] Couldn't find file 'r_bofoot.vtp'.
1.osim
[2025-03-06 21:33:35.289] [warning] Couldn't find file 'r_foot.vtp'.
[2025-03-06 21:33:35.289] [warning] Couldn't find file 'r_bofoot.vtp'.
[2025-03-06 21:33:35.289] [info] Loaded model model from file footModel_1.osim
[2025-03-06 21:33:35.289] [warning] Couldn't find file 'r_foot.vtp'.
[2025-03-06 21:33:35.289] [warning] Couldn't find file 'r_bofoot.vtp'.
[2025-03-06 21:33:35.290] [info] Loaded model model from file footModel_1.osim
[2025-03-06 21:33:35.290] [warning] Couldn't find file 'r_foot.vtp'.
[2025-03-06 21:33:35.290] [info] Loaded model model from file footModel_1.osim
[2025-03-06 21:33:35.290] [warning] Couldn't find file 'r_foot.vtp'.
[2025-03-06 21:33:35.290] [warning] Couldn't find file 'r_bofoot.vtp'.
[2025-03-06 21:33:35.290] [warning] Couldn't find file 'r_bofoot.vtp'.
[2025-03-06 21:33:35.293] [info] Loaded model model from file footModel_1.osim
[2025-03-06 21:33:35.293] [warning] Couldn't find file 'r_foot.vtp'.
[2025-03-06 21:33:35.293] [warning] Couldn't find file 'r_bofoot.vtp'.
[2025-03-06 21:33:35.293] [info] Loaded model model from file footModel_1.osim
[2025-03-06 21:33:35.294] [warning] Couldn't find file 'r_foot.vtp'.
[2025-03-06 21:33:35.294] [info] Loaded model model from file footModel_1.osim
[2025-03-06 21:33:35.294] [info] Loaded model model from file footModel_1.osim
[2025-03-06 21:33:35.294] [warning] Couldn't find file 'r_bofoot.vtp'.
[2025-03-06 21:33:35.294] [warning] Couldn't find file 'r_foot.vtp'.
[2025-03-06 21:33:35.294] [warning] Couldn't find file 'r_foot.vtp'.
[2025-03-06 21:33:35.294] [warning] Couldn't find file 'r_bofoot.vtp'.
[2025-03-06 21:33:35.294] [warning] Couldn't find file 'r_bofoot.vtp'.
[2025-03-06 21:33:35.295] [info] Loaded model model from file footModel_1.osim
[2025-03-06 21:33:35.295] [warning] Couldn't find file 'r_foot.vtp'.
[2025-03-06 21:33:35.295] [warning] Couldn't find file 'r_bofoot.vtp'.
[2025-03-06 21:33:35.781] [info] Loaded model model from file footModel_2.osim
[2025-03-06 21:33:35.781] [warning] Couldn't find file 'l_foot.vtp'.
[2025-03-06 21:33:35.781] [warning] Couldn't find file 'l_bofoot.vtp'.
[2025-03-06 21:33:35.792] [info] Loaded model model from file footModel_2.osim
[2025-03-06 21:33:35.792] [warning] Couldn't find file 'l_foot.vtp'.
[2025-03-06 21:33:35.792] [warning] Couldn't find file 'l_bofoot.vtp'.
[2025-03-06 21:33:35.793] [info] Loaded model model from file footModel_2.osim
[2025-03-06 21:33:35.793] [warning] Couldn't find file 'l_foot.vtp'.
[2025-03-06 21:33:35.793] [warning] Couldn't find file 'l_bofoot.vtp'.
[2025-03-06 21:33:35.795] [info] Loaded model model from file footModel_2.osim
[2025-03-06 21:33:35.796] [warning] Couldn't find file 'l_foot.vtp'.
[2025-03-06 21:33:35.796] [warning] Couldn't find file 'l_bofoot.vtp'.
[2025-03-06 21:33:35.819] [info] Loaded model model from file footModel_2.osim
[2025-03-06 21:33:35.819] [warning] Couldn't find file 'l_foot.vtp'.
[2025-03-06 21:33:35.819] [warning] Couldn't find file 'l_bofoot.vtp'.
[2025-03-06 21:33:35.822] [info] Loaded model model from file footModel_2.osim
[2025-03-06 21:33:35.822] [warning] Couldn't find file 'l_foot.vtp'.
[2025-03-06 21:33:35.822] [info] Loaded model model from file footModel_2.osim
[2025-03-06 21:33:35.822] [warning] Couldn't find file 'l_bofoot.vtp'.
[2025-03-06 21:33:35.822] [warning] Couldn't find file 'l_foot.vtp'.
[2025-03-06 21:33:35.822] [warning] Couldn't find file 'l_bofoot.vtp'.
[2025-03-06 21:33:35.896] [info] Loaded model model from file footModel_2.osim
[2025-03-06 21:33:35.896] [warning] Couldn't find file 'l_foot.vtp'.
[2025-03-06 21:33:35.896] [warning] Couldn't find file 'l_bofoot.vtp'.
[2025-03-06 21:33:35.904] [info] Loaded model model from file footModel_2.osim
[2025-03-06 21:33:35.904] [warning] Couldn't find file 'l_foot.vtp'.
[2025-03-06 21:33:35.905] [warning] Couldn't find file 'l_bofoot.vtp'.
[2025-03-06 21:33:35.914] [info] Loaded model model from file footModel_2.osim
[2025-03-06 21:33:35.915] [warning] Couldn't find file 'l_foot.vtp'.
[2025-03-06 21:33:35.915] [warning] Couldn't find file 'l_bofoot.vtp'.
[2025-03-06 21:33:35.919] [info] Loaded model model from file footModel_2.osim
[2025-03-06 21:33:35.919] [warning] Couldn't find file 'l_foot.vtp'.
[2025-03-06 21:33:35.919] [warning] Couldn't find file 'l_bofoot.vtp'.
[2025-03-06 21:33:35.923] [info] Loaded model model from file footModel_2.osim
[2025-03-06 21:33:35.923] [warning] Couldn't find file 'l_foot.vtp'.
[2025-03-06 21:33:35.923] [warning] Couldn't find file 'l_bofoot.vtp'.
[2025-03-06 21:33:35.934] [info] Loaded model model from file footModel_2.osim
[2025-03-06 21:33:35.934] [warning] Couldn't find file 'l_foot.vtp'.
[2025-03-06 21:33:35.934] [warning] Couldn't find file 'l_bofoot.vtp'.
[2025-03-06 21:33:35.935] [info] Loaded model model from file footModel_2.osim
[2025-03-06 21:33:35.935] [warning] Couldn't find file 'l_foot.vtp'.
[2025-03-06 21:33:35.935] [warning] Couldn't find file 'l_bofoot.vtp'.
[2025-03-06 21:33:35.941] [info] Loaded model model from file footModel_2.osim
[2025-03-06 21:33:35.941] [warning] Couldn't find file 'l_foot.vtp'.
[2025-03-06 21:33:35.941] [warning] Couldn't find file 'l_bofoot.vtp'.
[2025-03-06 21:33:35.949] [info] Loaded model model from file footModel_2.osim
[2025-03-06 21:33:35.949] [warning] Couldn't find file 'l_foot.vtp'.
[2025-03-06 21:33:35.949] [warning] Couldn't find file 'l_bofoot.vtp'.
[2025-03-06 21:44:51.873] [info] Loaded model model from file footModel_1.osim
[2025-03-06 21:44:51.873] [warning] Couldn't find file 'r_foot.vtp'.
[2025-03-06 21:44:51.873] [warning] Couldn't find file 'r_bofoot.vtp'.
[2025-03-06 21:44:51.874] [info] Loaded model model from file footModel_1.osim
[2025-03-06 21:44:51.874] [warning] Couldn't find file 'r_foot.vtp'.
[2025-03-06 21:44:51.874] [warning] Couldn't find file 'r_bofoot.vtp'.
[2025-03-06 21:44:51.874] [info] Loaded model model from file footModel_1.osim
[2025-03-06 21:44:51.874] [warning] Couldn't find file 'r_foot.vtp'.
[2025-03-06 21:44:51.874] [info] Loaded model model from file footModel_1.osim
[2025-03-06 21:44:51.874] [warning] Couldn't find file 'r_bofoot.vtp'.
[2025-03-06 21:44:51.874] [warning] Couldn't find file 'r_foot.vtp'.
[2025-03-06 21:44:51.874] [info] Loaded model model from file footModel_1.osim
[2025-03-06 21:44:51.874] [warning] Couldn't find file 'r_bofoot.vtp'.
[2025-03-06 21:44:51.874] [info] Loaded model model from file footModel_1.osim
[2025-03-06 21:44:51.875] [warning] Couldn't find file 'r_foot.vtp'.
[2025-03-06 21:44:51.875] [warning] Couldn't find file 'r_bofoot.vtp'.
[2025-03-06 21:44:51.875] [info] Loaded model model from file footModel_1.osim
[2025-03-06 21:44:51.875] [warning] Couldn't find file 'r_foot.vtp'.
[2025-03-06 21:44:51.875] [warning] Couldn't find file 'r_foot.vtp'.
[2025-03-06 21:44:51.875] [info] Loaded model model from file footModel_1.osim
[2025-03-06 21:44:51.875] [warning] Couldn't find file 'r_bofoot.vtp'.
[2025-03-06 21:44:51.875] [warning] Couldn't find file 'r_bofoot.vtp'.
[2025-03-06 21:44:51.875] [warning] Couldn't find file 'r_foot.vtp'.
l_1.osim
[2025-03-06 21:44:51.875] [warning] Couldn't find file 'r_bofoot.vtp'.
[2025-03-06 21:44:51.875] [warning] Couldn't find file 'r_foot.vtp'.
[2025-03-06 21:44:51.875] [info] Loaded model model from file footModel_1.osim
[2025-03-06 21:44:51.875] [warning] Couldn't find file 'r_bofoot.vtp'.
[2025-03-06 21:44:51.875] [warning] Couldn't find file 'r_foot.vtp'.
[2025-03-06 21:44:51.875] [info] Loaded model model from file footModel_1.osim
[2025-03-06 21:44:51.875] [warning] Couldn't find file 'r_bofoot.vtp'.
[2025-03-06 21:44:51.875] [info] Loaded model model from file footModel_1.osim
[2025-03-06 21:44:51.875] [warning] Couldn't find file 'r_foot.vtp'.
[2025-03-06 21:44:51.875] [warning] Couldn't find file 'r_foot.vtp'.
[2025-03-06 21:44:51.875] [warning] Couldn't find file 'r_bofoot.vtp'.
[2025-03-06 21:44:51.875] [warning] Couldn't find file 'r_bofoot.vtp'.
[2025-03-06 21:44:51.875] [info] Loaded model model from file footModel_1.osim
[2025-03-06 21:44:51.876] [info] Loaded model model from file footModel_2.osim
[2025-03-06 21:44:51.876] [info] Loaded model model from file footModel_1.osim
[2025-03-06 21:44:51.876] [warning] Couldn't find file 'r_foot.vtp'.
[2025-03-06 21:44:51.876] [warning] Couldn't find file 'l_foot.vtp'.
l_1.osim
[2025-03-06 21:44:51.876] [warning] Couldn't find file 'r_foot.vtp'.
[2025-03-06 21:44:51.876] [warning] Couldn't find file 'r_bofoot.vtp'.
[2025-03-06 21:44:51.876] [warning] Couldn't find file 'r_foot.vtp'.
[2025-03-06 21:44:51.876] [warning] Couldn't find file 'l_bofoot.vtp'.
[2025-03-06 21:44:51.876] [warning] Couldn't find file 'r_bofoot.vtp'.
[2025-03-06 21:44:51.876] [info] Loaded model model from file footModel_1.osim
[2025-03-06 21:44:51.876] [warning] Couldn't find file 'r_foot.vtp'.
[2025-03-06 21:44:51.876] [warning] Couldn't find file 'r_bofoot.vtp'.
[2025-03-06 21:44:51.878] [info] Loaded model model from file footModel_2.osim
[2025-03-06 21:44:51.878] [warning] Couldn't find file 'l_foot.vtp'.
[2025-03-06 21:44:51.878] [info] Loaded model model from file footModel_2.osim
[2025-03-06 21:44:51.878] [warning] Couldn't find file 'l_bofoot.vtp'.
[2025-03-06 21:44:51.878] [warning] Couldn't find file 'l_foot.vtp'.
[2025-03-06 21:44:51.878] [info] Loaded model model from file footModel_2.osim
[2025-03-06 21:44:51.878] [warning] Couldn't find file 'l_bofoot.vtp'.
[2025-03-06 21:44:51.878] [warning] Couldn't find file 'l_foot.vtp'.
[2025-03-06 21:44:51.878] [warning] Couldn't find file 'l_bofoot.vtp'.
[2025-03-06 21:44:51.878] [info] Loaded model model from file footModel_2.osim
[2025-03-06 21:44:51.878] [info] Loaded model model from file footModel_2.osim
[2025-03-06 21:44:51.878] [info] Loaded model model from file footModel_2.osim
[2025-03-06 21:44:51.878] [info] Loaded model model from file footModel_2.osim
[2025-03-06 21:44:51.878] [warning] Couldn't find file 'l_foot.vtp'.
[2025-03-06 21:44:51.878] [warning] Couldn't find file 'l_foot.vtp'.
[2025-03-06 21:44:51.878] [warning] Couldn't find file 'l_foot.vtp'.
[2025-03-06 21:44:51.878] [warning] Couldn't find file 'l_foot.vtp'.
[2025-03-06 21:44:51.878] [warning] Couldn't find file 'l_bofoot.vtp'.
[2025-03-06 21:44:51.878] [warning] Couldn't find file 'l_bofoot.vtp'.
[2025-03-06 21:44:51.878] [warning] Couldn't find file 'l_bofoot.vtp'.
[2025-03-06 21:44:51.878] [warning] Couldn't find file 'l_bofoot.vtp'.
[2025-03-06 21:44:51.879] [info] Loaded model model from file footModel_2.osim
[2025-03-06 21:44:51.879] [info] Loaded model model from file footModel_2.osim
[2025-03-06 21:44:51.879] [warning] Couldn't find file 'l_foot.vtp'.
[2025-03-06 21:44:51.879] [warning] Couldn't find file 'l_foot.vtp'.
[2025-03-06 21:44:51.879] [info] Loaded model model from file footModel_2.osim
[2025-03-06 21:44:51.879] [info] Loaded model model from file footModel_2.osim
[2025-03-06 21:44:51.879] [warning] Couldn't find file 'l_bofoot.vtp'.
[2025-03-06 21:44:51.879] [info] Loaded model model from file footModel_2.osim
[2025-03-06 21:44:51.879] [warning] Couldn't find file 'l_bofoot.vtp'.
[2025-03-06 21:44:51.879] [warning] Couldn't find file 'l_foot.vtp'.
[2025-03-06 21:44:51.879] [warning] Couldn't find file 'l_foot.vtp'.
[2025-03-06 21:44:51.879] [warning] Couldn't find file 'l_foot.vtp'.
[2025-03-06 21:44:51.879] [warning] Couldn't find file 'l_bofoot.vtp'.
[2025-03-06 21:44:51.879] [info] Loaded model model from file footModel_2.osim
[2025-03-06 21:44:51.879] [warning] Couldn't find file 'l_bofoot.vtp'.
[2025-03-06 21:44:51.879] [warning] Couldn't find file 'l_bofoot.vtp'.
[2025-03-06 21:44:51.879] [warning] Couldn't find file 'l_foot.vtp'.
[2025-03-06 21:44:51.879] [warning] Couldn't find file 'l_bofoot.vtp'.
[2025-03-06 21:44:51.879] [info] Loaded model model from file footModel_2.osim
[2025-03-06 21:44:51.880] [warning] Couldn't find file 'l_foot.vtp'.
[2025-03-06 21:44:51.880] [warning] Couldn't find file 'l_bofoot.vtp'.
[2025-03-06 21:44:51.880] [info] Loaded model model from file footModel_2.osim
[2025-03-06 21:44:51.880] [warning] Couldn't find file 'l_foot.vtp'.
[2025-03-06 21:44:51.880] [warning] Couldn't find file 'l_bofoot.vtp'.
[2025-03-06 21:49:46.000] [info] Loaded model model from file footModel_1.osim
[2025-03-06 21:49:46.001] [info] Loaded model model from file footModel_1.osim
[2025-03-06 21:49:46.001] [warning] Couldn't find file 'r_foot.vtp'.
[2025-03-06 21:49:46.001] [warning] Couldn't find file 'r_foot.vtp'.
[2025-03-06 21:49:46.001] [warning] Couldn't find file 'r_bofoot.vtp'.
[2025-03-06 21:49:46.001] [warning] Couldn't find file 'r_bofoot.vtp'.
[2025-03-06 21:49:46.001] [info] Loaded model model from file footModel_1.osim
[2025-03-06 21:49:46.001] [info] Loaded model model from file footModel_1.osim
[2025-03-06 21:49:46.001] [info] Loaded model model from file footModel_1.osim
[2025-03-06 21:49:46.001] [warning] Couldn't find file 'r_foot.vtp'.
[2025-03-06 21:49:46.001] [warning] Couldn't find file 'r_foot.vtp'.
[2025-03-06 21:49:46.001] [warning] Couldn't find file 'r_bofoot.vtp'.
[2025-03-06 21:49:46.001] [info] Loaded model model from file footModel_1.osim
[2025-03-06 21:49:46.001] [warning] Couldn't find file 'r_foot.vtp'.
[2025-03-06 21:49:46.001] [info] Loaded model model from file footModel_1.osim
[2025-03-06 21:49:46.001] [warning] Couldn't find file 'r_bofoot.vtp'.
1.osim
[2025-03-06 21:49:46.001] [warning] Couldn't find file 'r_bofoot.vtp'.
[2025-03-06 21:49:46.001] [warning] Couldn't find file 'r_foot.vtp'.
[2025-03-06 21:49:46.001] [warning] Couldn't find file 'r_foot.vtp'.
[2025-03-06 21:49:46.001] [warning] Couldn't find file 'r_foot.vtp'.
[2025-03-06 21:49:46.001] [warning] Couldn't find file 'r_bofoot.vtp'.
[2025-03-06 21:49:46.001] [warning] Couldn't find file 'r_bofoot.vtp'.
[2025-03-06 21:49:46.001] [info] Loaded model model from file footModel_1.osim
[2025-03-06 21:49:46.001] [warning] Couldn't find file 'r_foot.vtp'.
[2025-03-06 21:49:46.002] [warning] Couldn't find file 'r_bofoot.vtp'.
[2025-03-06 21:49:46.002] [info] Loaded model model from file footModel_1.osim
[2025-03-06 21:49:46.002] [info] Loaded model model from file footModel_1.osim
[2025-03-06 21:49:46.002] [warning] Couldn't find file 'r_foot.vtp'.
[2025-03-06 21:49:46.002] [info] Loaded model model from file footModel_1.osim
[2025-03-06 21:49:46.002] [warning] Couldn't find file 'r_bofoot.vtp'.
[2025-03-06 21:49:46.002] [warning] Couldn't find file 'r_foot.vtp'.
[2025-03-06 21:49:46.002] [info] Loaded model model from file footModel_1.osim
[2025-03-06 21:49:46.002] [warning] Couldn't find file 'r_foot.vtp'.
[2025-03-06 21:49:46.002] [warning] Couldn't find file 'r_bofoot.vtp'.
[2025-03-06 21:49:46.002] [warning] Couldn't find file 'r_foot.vtp'.
[2025-03-06 21:49:46.002] [warning] Couldn't find file 'r_bofoot.vtp'.
[2025-03-06 21:49:46.002] [warning] Couldn't find file 'r_bofoot.vtp'.
[2025-03-06 21:49:46.002] [info] Loaded model model from file footModel_1.osim
[2025-03-06 21:49:46.003] [warning] Couldn't find file 'r_foot.vtp'.
[2025-03-06 21:49:46.003] [info] Loaded model model from file footModel_1.osim
[2025-03-06 21:49:46.003] [warning] Couldn't find file 'r_bofoot.vtp'.
[2025-03-06 21:49:46.003] [warning] Couldn't find file 'r_foot.vtp'.
[2025-03-06 21:49:46.003] [warning] Couldn't find file 'r_bofoot.vtp'.
[2025-03-06 21:49:46.003] [info] Loaded model model from file footModel_1.osim
[2025-03-06 21:49:46.003] [warning] Couldn't find file 'r_foot.vtp'.
[2025-03-06 21:49:46.003] [warning] Couldn't find file 'r_bofoot.vtp'.
[2025-03-06 21:49:46.004] [info] Loaded model model from file footModel_2.osim
[2025-03-06 21:49:46.005] [info] Loaded model model from file footModel_2.osim
[2025-03-06 21:49:46.005] [warning] Couldn't find file 'l_foot.vtp'.
[2025-03-06 21:49:46.005] [warning] Couldn't find file 'l_foot.vtp'.
[2025-03-06 21:49:46.005] [warning] Couldn't find file 'l_bofoot.vtp'.
[2025-03-06 21:49:46.005] [warning] Couldn't find file 'l_bofoot.vtp'.
[2025-03-06 21:49:46.005] [info] Loaded model model from file footModel_2.osim
[2025-03-06 21:49:46.005] [warning] Couldn't find file 'l_foot.vtp'.
[2025-03-06 21:49:46.005] [warning] Couldn't find file 'l_bofoot.vtp'.
[2025-03-06 21:49:46.005] [info] Loaded model model from file footModel_2.osim
[2025-03-06 21:49:46.005] [info] Loaded model model from file footModel_2.osim
[2025-03-06 21:49:46.005] [warning] Couldn't find file 'l_foot.vtp'.
[2025-03-06 21:49:46.005] [warning] Couldn't find file 'l_foot.vtp'.
[2025-03-06 21:49:46.005] [info] Loaded model model from file footModel_2.osim
[2025-03-06 21:49:46.005] [warning] Couldn't find file 'l_bofoot.vtp'.
[2025-03-06 21:49:46.005] [info] Loaded model model from file footModel_2.osim
[2025-03-06 21:49:46.005] [info] Loaded model model from file footModel_2.osim
[2025-03-06 21:49:46.005] [warning] Couldn't find file 'l_foot.vtp'.

[2025-03-06 21:49:46.005] [info] Loaded model model from file footModel_2.osim
[2025-03-06 21:49:46.005] [warning] Couldn't find file 'l_foot.vtp'.
[2025-03-06 21:49:46.005] [info] Loaded model model from file footModel_2.osim
[2025-03-06 21:49:46.005] [warning] Couldn't find file 'l_bofoot.vtp'.
[2025-03-06 21:49:46.005] [warning] Couldn't find file 'l_bofoot.vtp'.
[2025-03-06 21:49:46.005] [warning] Couldn't find file 'l_foot.vtp'.
[2025-03-06 21:49:46.006] [warning] Couldn't find file 'l_bofoot.vtp'.
[2025-03-06 21:49:46.006] [warning] Couldn't find file 'l_foot.vtp'.
[2025-03-06 21:49:46.006] [info] Loaded model model from file footModel_2.osim
[2025-03-06 21:49:46.006] [warning] Couldn't find file 'l_bofoot.vtp'.
[2025-03-06 21:49:46.006] [warning] Couldn't find file 'l_bofoot.vtp'.
[2025-03-06 21:49:46.006] [info] Loaded model model from file footModel_2.osim
[2025-03-06 21:49:46.006] [warning] Couldn't find file 'l_foot.vtp'.
[2025-03-06 21:49:46.006] [warning] Couldn't find file 'l_foot.vtp'.
[2025-03-06 21:49:46.006] [warning] Couldn't find file 'l_bofoot.vtp'.
2.osim
[2025-03-06 21:49:46.006] [warning] Couldn't find file 'l_bofoot.vtp'.
[2025-03-06 21:49:46.006] [warning] Couldn't find file 'l_foot.vtp'.
[2025-03-06 21:49:46.006] [warning] Couldn't find file 'l_bofoot.vtp'.
[2025-03-06 21:49:46.006] [info] Loaded model model from file footModel_2.osim
[2025-03-06 21:49:46.007] [warning] Couldn't find file 'l_foot.vtp'.
[2025-03-06 21:49:46.007] [warning] Couldn't find file 'l_bofoot.vtp'.
[2025-03-06 21:49:46.007] [info] Loaded model model from file footModel_2.osim
[2025-03-06 21:49:46.007] [warning] Couldn't find file 'l_foot.vtp'.
[2025-03-06 21:49:46.007] [warning] Couldn't find file 'l_bofoot.vtp'.
[2025-03-06 21:49:46.007] [info] Loaded model model from file footModel_2.osim
[2025-03-06 21:49:46.007] [warning] Couldn't find file 'l_foot.vtp'.
[2025-03-06 21:49:46.007] [warning] Couldn't find file 'l_bofoot.vtp'.
[2025-03-06 22:08:08.308] [info] Loaded model model from file footModel_1.osim
[2025-03-06 22:08:08.308] [warning] Couldn't find file 'r_foot.vtp'.
[2025-03-06 22:08:08.308] [warning] Couldn't find file 'r_bofoot.vtp'.
1.osim
[2025-03-06 22:08:08.308] [warning] Couldn't find file 'r_foot.vtp'.
[2025-03-06 22:08:08.309] [warning] Couldn't find file 'r_bofoot.vtp'.
[2025-03-06 22:08:08.313] [info] Loaded model model from file footModel_1.osim
[2025-03-06 22:08:08.313] [warning] Couldn't find file 'r_foot.vtp'.
[2025-03-06 22:08:08.313] [warning] Couldn't find file 'r_bofoot.vtp'.
[2025-03-06 22:08:08.313] [info] Loaded model model from file footModel_1.osim
[2025-03-06 22:08:08.314] [warning] Couldn't find file 'r_foot.vtp'.
[2025-03-06 22:08:08.314] [warning] Couldn't find file 'r_bofoot.vtp'.
[2025-03-06 22:08:08.318] [info] Loaded model model from file footModel_1.osim
[2025-03-06 22:08:08.318] [warning] Couldn't find file 'r_foot.vtp'.
[2025-03-06 22:08:08.318] [info] Loaded model model from file footModel_1.osim
[2025-03-06 22:08:08.318] [warning] Couldn't find file 'r_bofoot.vtp'.
[2025-03-06 22:08:08.318] [warning] Couldn't find file 'r_foot.vtp'.
[2025-03-06 22:08:08.318] [warning] Couldn't find file 'r_bofoot.vtp'.
[2025-03-06 22:08:08.322] [info] Loaded model model from file footModel_1.osim
[2025-03-06 22:08:08.322] [info] Loaded model model from file footModel_2.osim
[2025-03-06 22:08:08.323] [info] Loaded model model from file footModel_1.osim
[2025-03-06 22:08:08.323] [warning] Couldn't find file 'l_foot.vtp'.
[2025-03-06 22:08:08.323] [warning] Couldn't find file 'r_foot.vtp'.
[2025-03-06 22:08:08.323] [info] Loaded model model from file footModel_2.osim
[2025-03-06 22:08:08.323] [warning] Couldn't find file 'l_bofoot.vtp'.
[2025-03-06 22:08:08.323] [warning] Couldn't find file 'r_bofoot.vtp'.
[2025-03-06 22:08:08.323] [warning] Couldn't find file 'r_bofoot.vtp'.
[2025-03-06 22:08:08.323] [warning] Couldn't find file 'l_foot.vtp'.
[2025-03-06 22:08:08.323] [warning] Couldn't find file 'l_bofoot.vtp'.
[2025-03-06 22:08:08.323] [info] Loaded model model from file footModel_1.osim
[2025-03-06 22:08:08.324] [warning] Couldn't find file 'r_foot.vtp'.
[2025-03-06 22:08:08.324] [warning] Couldn't find file 'r_bofoot.vtp'.
[2025-03-06 22:08:08.326] [info] Loaded model model from file footModel_1.osim
[2025-03-06 22:08:08.327] [warning] Couldn't find file 'r_foot.vtp'.
[2025-03-06 22:08:08.327] [warning] Couldn't find file 'r_bofoot.vtp'.
[2025-03-06 22:08:08.327] [info] Loaded model model from file footModel_2.osim
[2025-03-06 22:08:08.327] [warning] Couldn't find file 'l_foot.vtp'.
[2025-03-06 22:08:08.327] [warning] Couldn't find file 'l_bofoot.vtp'.
[2025-03-06 22:08:08.327] [info] Loaded model model from file footModel_1.osim
[2025-03-06 22:08:08.327] [warning] Couldn't find file 'r_foot.vtp'.
[2025-03-06 22:08:08.327] [info] Loaded model model from file footModel_2.osim
[2025-03-06 22:08:08.327] [warning] Couldn't find file 'l_foot.vtp'.

[2025-03-06 22:08:08.328] [warning] Couldn't find file 'l_bofoot.vtp'.
[2025-03-06 22:08:08.329] [info] Loaded model model from file footModel_1.osim
[2025-03-06 22:08:08.329] [warning] Couldn't find file 'r_foot.vtp'.
[2025-03-06 22:08:08.329] [warning] Couldn't find file 'r_bofoot.vtp'.
[2025-03-06 22:08:08.329] [info] Loaded model model from file footModel_1.osim
[2025-03-06 22:08:08.329] [warning] Couldn't find file 'r_foot.vtp'.
[2025-03-06 22:08:08.329] [info] Loaded model model from file footModel_1.osim
[2025-03-06 22:08:08.329] [warning] Couldn't find file 'r_bofoot.vtp'.
[2025-03-06 22:08:08.330] [warning] Couldn't find file 'r_foot.vtp'.
[2025-03-06 22:08:08.330] [warning] Couldn't find file 'r_bofoot.vtp'.
[2025-03-06 22:08:08.330] [info] Loaded model model from file footModel_1.osim
[2025-03-06 22:08:08.330] [warning] Couldn't find file 'r_foot.vtp'.
[2025-03-06 22:08:08.330] [info] Loaded model model from file footModel_1.osim
[2025-03-06 22:08:08.330] [warning] Couldn't find file 'r_foot.vtp'.
[2025-03-06 22:08:08.330] [warning] Couldn't find file 'r_bofoot.vtp'.
[2025-03-06 22:08:08.331] [warning] Couldn't find file 'r_bofoot.vtp'.
[2025-03-06 22:08:08.332] [info] Loaded model model from file footModel_2.osim
[2025-03-06 22:08:08.332] [warning] Couldn't find file 'l_foot.vtp'.
[2025-03-06 22:08:08.332] [warning] Couldn't find file 'l_bofoot.vtp'.
[2025-03-06 22:08:08.332] [info] Loaded model model from file footModel_2.osim
[2025-03-06 22:08:08.332] [warning] Couldn't find file 'l_foot.vtp'.
[2025-03-06 22:08:08.333] [warning] Couldn't find file 'l_bofoot.vtp'.
[2025-03-06 22:08:08.336] [info] Loaded model model from file footModel_2.osim
[2025-03-06 22:08:08.337] [warning] Couldn't find file 'l_foot.vtp'.
[2025-03-06 22:08:08.337] [warning] Couldn't find file 'l_bofoot.vtp'.
[2025-03-06 22:08:08.337] [info] Loaded model model from file footModel_2.osim
[2025-03-06 22:08:08.337] [warning] Couldn't find file 'l_foot.vtp'.
[2025-03-06 22:08:08.337] [warning] Couldn't find file 'l_bofoot.vtp'.
[2025-03-06 22:08:08.337] [info] Loaded model model from file footModel_2.osim
[2025-03-06 22:08:08.337] [warning] Couldn't find file 'l_foot.vtp'.
[2025-03-06 22:08:08.337] [warning] Couldn't find file 'l_bofoot.vtp'.
[2025-03-06 22:08:08.340] [info] Loaded model model from file footModel_2.osim
[2025-03-06 22:08:08.340] [warning] Couldn't find file 'l_foot.vtp'.
[2025-03-06 22:08:08.340] [warning] Couldn't find file 'l_bofoot.vtp'.
[2025-03-06 22:08:08.340] [info] Loaded model model from file footModel_2.osim
[2025-03-06 22:08:08.340] [warning] Couldn't find file 'l_foot.vtp'.
[2025-03-06 22:08:08.341] [warning] Couldn't find file 'l_bofoot.vtp'.
[2025-03-06 22:08:08.342] [info] Loaded model model from file footModel_2.osim
[2025-03-06 22:08:08.342] [warning] Couldn't find file 'l_foot.vtp'.
[2025-03-06 22:08:08.342] [warning] Couldn't find file 'l_bofoot.vtp'.
[2025-03-06 22:08:08.343] [info] Loaded model model from file footModel_2.osim
[2025-03-06 22:08:08.343] [warning] Couldn't find file 'l_foot.vtp'.
[2025-03-06 22:08:08.343] [info] Loaded model model from file footModel_2.osim
[2025-03-06 22:08:08.343] [warning] Couldn't find file 'l_foot.vtp'.
[2025-03-06 22:08:08.343] [warning] Couldn't find file 'l_bofoot.vtp'.
[2025-03-06 22:08:08.343] [warning] Couldn't find file 'l_bofoot.vtp'.
[2025-03-06 22:08:08.344] [info] Loaded model model from file footModel_2.osim
[2025-03-06 22:08:08.344] [warning] Couldn't find file 'l_foot.vtp'.
[2025-03-06 22:08:08.344] [warning] Couldn't find file 'l_bofoot.vtp'.
[2025-03-06 22:08:08.344] [info] Loaded model model from file footModel_2.osim
[2025-03-06 22:08:08.344] [warning] Couldn't find file 'l_foot.vtp'.
[2025-03-06 22:08:08.344] [warning] Couldn't find file 'l_bofoot.vtp'.
[2025-03-06 22:08:08.447] [info] Loaded model model from file footModel_1.osim
[2025-03-06 22:08:08.447] [warning] Couldn't find file 'r_foot.vtp'.
[2025-03-06 22:08:08.448] [warning] Couldn't find file 'r_foot.vtp'.
[2025-03-06 22:08:08.448] [warning] Couldn't find file 'r_bofoot.vtp'.
[2025-03-06 22:08:08.448] [warning] Couldn't find file 'r_bofoot.vtp'.
[2025-03-06 22:08:08.509] [info] Loaded model model from file footModel_1.osim
[2025-03-06 22:08:08.509] [warning] Couldn't find file 'r_foot.vtp'.
[2025-03-06 22:08:08.509] [warning] Couldn't find file 'r_bofoot.vtp'.
[2025-03-06 22:08:08.522] [info] Loaded model model from file footModel_1.osim
[2025-03-06 22:08:08.522] [warning] Couldn't find file 'r_foot.vtp'.
[2025-03-06 22:08:08.522] [warning] Couldn't find file 'r_bofoot.vtp'.
[2025-03-06 22:08:08.522] [info] Loaded model model from file footModel_1.osim
[2025-03-06 22:08:08.522] [warning] Couldn't find file 'r_foot.vtp'.
[2025-03-06 22:08:08.522] [warning] Couldn't find file 'r_bofoot.vtp'.
[2025-03-06 22:08:08.682] [info] Loaded model model from file footModel_1.osim
[2025-03-06 22:08:08.682] [warning] Couldn't find file 'r_foot.vtp'.
[2025-03-06 22:08:08.682] [warning] Couldn't find file 'r_bofoot.vtp'.
[2025-03-06 22:08:08.682] [info] Loaded model model from file footModel_1.osim
[2025-03-06 22:08:08.682] [warning] Couldn't find file 'r_foot.vtp'.
[2025-03-06 22:08:08.682] [warning] Couldn't find file 'r_bofoot.vtp'.
[2025-03-06 22:08:08.710] [info] Loaded model model from file footModel_1.osim
[2025-03-06 22:08:08.710] [warning] Couldn't find file 'r_foot.vtp'.
[2025-03-06 22:08:08.710] [warning] Couldn't find file 'r_bofoot.vtp'.
[2025-03-06 22:08:08.713] [info] Loaded model model from file footModel_1.osim
[2025-03-06 22:08:08.713] [warning] Couldn't find file 'r_foot.vtp'.
[2025-03-06 22:08:08.713] [warning] Couldn't find file 'r_bofoot.vtp'.
[2025-03-06 22:08:09.014] [info] Loaded model model from file footModel_2.osim
[2025-03-06 22:08:09.014] [warning] Couldn't find file 'l_foot.vtp'.
[2025-03-06 22:08:09.014] [warning] Couldn't find file 'l_bofoot.vtp'.
[2025-03-06 22:08:09.034] [info] Loaded model model from file footModel_2.osim
[2025-03-06 22:08:09.034] [warning] Couldn't find file 'l_foot.vtp'.
[2025-03-06 22:08:09.034] [warning] Couldn't find file 'l_bofoot.vtp'.
[2025-03-06 22:08:09.059] [info] Loaded model model from file footModel_2.osim
[2025-03-06 22:08:09.059] [warning] Couldn't find file 'l_foot.vtp'.
[2025-03-06 22:08:09.059] [warning] Couldn't find file 'l_bofoot.vtp'.
[2025-03-06 22:08:09.061] [info] Loaded model model from file footModel_2.osim
[2025-03-06 22:08:09.061] [warning] Couldn't find file 'l_foot.vtp'.
[2025-03-06 22:08:09.061] [warning] Couldn't find file 'l_bofoot.vtp'.
[2025-03-06 22:08:09.076] [info] Loaded model model from file footModel_2.osim
[2025-03-06 22:08:09.076] [warning] Couldn't find file 'l_foot.vtp'.
[2025-03-06 22:08:09.076] [warning] Couldn't find file 'l_bofoot.vtp'.
[2025-03-06 22:08:09.080] [info] Loaded model model from file footModel_2.osim
[2025-03-06 22:08:09.080] [warning] Couldn't find file 'l_foot.vtp'.
[2025-03-06 22:08:09.080] [warning] Couldn't find file 'l_bofoot.vtp'.
[2025-03-06 22:08:09.093] [info] Loaded model model from file footModel_2.osim
[2025-03-06 22:08:09.093] [warning] Couldn't find file 'l_foot.vtp'.
[2025-03-06 22:08:09.093] [warning] Couldn't find file 'l_bofoot.vtp'.
[2025-03-06 22:08:09.093] [info] Loaded model model from file footModel_2.osim
[2025-03-06 22:08:09.093] [warning] Couldn't find file 'l_foot.vtp'.
[2025-03-06 22:08:09.093] [warning] Couldn't find file 'l_bofoot.vtp'.
[2025-03-06 22:08:09.125] [info] Loaded model model from file footModel_2.osim
[2025-03-06 22:08:09.125] [warning] Couldn't find file 'l_foot.vtp'.
[2025-03-06 22:08:09.125] [warning] Couldn't find file 'l_bofoot.vtp'.
[2025-03-06 22:08:09.206] [info] Loaded model model from file footModel_1.osim
[2025-03-06 22:08:09.206] [warning] Couldn't find file 'r_foot.vtp'.
[2025-03-06 22:08:09.206] [warning] Couldn't find file 'r_bofoot.vtp'.
[2025-03-06 22:08:09.562] [info] Loaded model model from file footModel_2.osim
[2025-03-06 22:08:09.562] [warning] Couldn't find file 'l_foot.vtp'.
[2025-03-06 22:08:09.562] [warning] Couldn't find file 'l_bofoot.vtp'.
[2025-03-06 22:08:09.623] [info] Loaded model model from file footModel_1.osim
[2025-03-06 22:08:09.623] [warning] Couldn't find file 'r_foot.vtp'.
[2025-03-06 22:08:09.623] [warning] Couldn't find file 'r_bofoot.vtp'.
[2025-03-06 22:08:09.638] [info] Loaded model model from file footModel_1.osim
[2025-03-06 22:08:09.638] [warning] Couldn't find file 'r_foot.vtp'.
[2025-03-06 22:08:09.639] [warning] Couldn't find file 'r_bofoot.vtp'.
[2025-03-06 22:08:09.647] [info] Loaded model model from file footModel_1.osim
[2025-03-06 22:08:09.647] [warning] Couldn't find file 'r_foot.vtp'.
[2025-03-06 22:08:09.647] [warning] Couldn't find file 'r_bofoot.vtp'.
[2025-03-06 22:08:09.861] [info] Loaded model model from file footModel_1.osim
[2025-03-06 22:08:09.862] [warning] Couldn't find file 'r_foot.vtp'.
[2025-03-06 22:08:09.862] [warning] Couldn't find file 'r_bofoot.vtp'.
[2025-03-06 22:08:09.888] [info] Loaded model model from file footModel_1.osim
[2025-03-06 22:08:09.888] [warning] Couldn't find file 'r_foot.vtp'.
[2025-03-06 22:08:09.888] [warning] Couldn't find file 'r_bofoot.vtp'.
[2025-03-06 22:08:09.888] [info] Loaded model model from file footModel_1.osim
[2025-03-06 22:08:09.889] [warning] Couldn't find file 'r_foot.vtp'.
[2025-03-06 22:08:09.889] [warning] Couldn't find file 'r_bofoot.vtp'.
[2025-03-06 22:08:10.065] [info] Loaded model model from file footModel_2.osim
[2025-03-06 22:08:10.065] [warning] Couldn't find file 'l_foot.vtp'.
[2025-03-06 22:08:10.065] [warning] Couldn't find file 'l_bofoot.vtp'.
[2025-03-06 22:08:10.065] [info] Loaded model model from file footModel_2.osim
[2025-03-06 22:08:10.065] [warning] Couldn't find file 'l_foot.vtp'.
[2025-03-06 22:08:10.065] [warning] Couldn't find file 'l_bofoot.vtp'.
[2025-03-06 22:08:10.110] [info] Loaded model model from file footModel_2.osim
[2025-03-06 22:08:10.110] [warning] Couldn't find file 'l_foot.vtp'.
[2025-03-06 22:08:10.110] [warning] Couldn't find file 'l_bofoot.vtp'.
[2025-03-06 22:08:10.342] [info] Loaded model model from file footModel_2.osim
[2025-03-06 22:08:10.342] [warning] Couldn't find file 'l_foot.vtp'.
[2025-03-06 22:08:10.342] [warning] Couldn't find file 'l_bofoot.vtp'.
[2025-03-06 22:08:10.352] [info] Loaded model model from file footModel_2.osim
[2025-03-06 22:08:10.353] [warning] Couldn't find file 'l_foot.vtp'.
[2025-03-06 22:08:10.353] [warning] Couldn't find file 'l_bofoot.vtp'.
[2025-03-06 22:08:10.387] [info] Loaded model model from file footModel_2.osim
[2025-03-06 22:08:10.387] [warning] Couldn't find file 'l_foot.vtp'.
[2025-03-06 22:08:10.387] [warning] Couldn't find file 'l_bofoot.vtp'.
[2025-03-06 22:17:06.158] [info] Loaded model model from file footModel_1.osim
[2025-03-06 22:17:06.158] [warning] Couldn't find file 'r_foot.vtp'.
[2025-03-06 22:17:06.158] [warning] Couldn't find file 'r_bofoot.vtp'.
[2025-03-06 22:17:06.158] [info] Loaded model model from file footModel_1.osim
[2025-03-06 22:17:06.158] [warning] Couldn't find file 'r_foot.vtp'.
[2025-03-06 22:17:06.158] [warning] Couldn't find file 'r_bofoot.vtp'.
[2025-03-06 22:17:06.159] [info] Loaded model model from file footModel_1.osim
[2025-03-06 22:17:06.159] [warning] Couldn't find file 'r_foot.vtp'.
[2025-03-06 22:17:06.159] [info] Loaded model model from file footModel_1.osim
[2025-03-06 22:17:06.159] [warning] Couldn't find file 'r_foot.vtp'.
[2025-03-06 22:17:06.159] [warning] Couldn't find file 'r_bofoot.vtp'.
[2025-03-06 22:17:06.159] [warning] Couldn't find file 'r_foot.vtp'.
[2025-03-06 22:17:06.159] [info] Loaded model model from file footModel_1.osim
[2025-03-06 22:17:06.159] [warning] Couldn't find file 'r_bofoot.vtp'.
[2025-03-06 22:17:06.159] [info] Loaded model model from file footModel_1.osim
[2025-03-06 22:17:06.159] [warning] Couldn't find file 'r_bofoot.vtp'.
[2025-03-06 22:17:06.159] [warning] Couldn't find file 'r_foot.vtp'.
[2025-03-06 22:17:06.159] [info] Loaded model model from file footModel_1.osim
[2025-03-06 22:17:06.159] [warning] Couldn't find file 'r_bofoot.vtp'.
[2025-03-06 22:17:06.159] [warning] Couldn't find file 'r_foot.vtp'.
[2025-03-06 22:17:06.159] [info] Loaded model model from file footModel_1.osim
[2025-03-06 22:17:06.159] [warning] Couldn't find file 'r_foot.vtp'.
l_1.osim
[2025-03-06 22:17:06.159] [warning] Couldn't find file 'r_bofoot.vtp'.
[2025-03-06 22:17:06.159] [warning] Couldn't find file 'r_foot.vtp'.
[2025-03-06 22:17:06.159] [warning] Couldn't find file 'r_bofoot.vtp'.
[2025-03-06 22:17:06.159] [info] Loaded model model from file footModel_1.osim
[2025-03-06 22:17:06.159] [warning] Couldn't find file 'r_bofoot.vtp'.
[2025-03-06 22:17:06.159] [warning] Couldn't find file 'r_bofoot.vtp'.
[2025-03-06 22:17:06.159] [info] Loaded model model from file footModel_1.osim
[2025-03-06 22:17:06.159] [warning] Couldn't find file 'r_foot.vtp'.
[2025-03-06 22:17:06.160] [warning] Couldn't find file 'r_foot.vtp'.
[2025-03-06 22:17:06.160] [info] Loaded model model from file footModel_1.osim
[2025-03-06 22:17:06.160] [warning] Couldn't find file 'r_bofoot.vtp'.
[2025-03-06 22:17:06.160] [warning] Couldn't find file 'r_bofoot.vtp'.
1.osim
[2025-03-06 22:17:06.160] [info] Loaded model model from file footModel_1.osim
[2025-03-06 22:17:06.160] [warning] Couldn't find file 'r_foot.vtp'.
[2025-03-06 22:17:06.160] [warning] Couldn't find file 'r_foot.vtp'.
[2025-03-06 22:17:06.160] [warning] Couldn't find file 'r_foot.vtp'.
[2025-03-06 22:17:06.160] [warning] Couldn't find file 'r_foot.vtp'.
[2025-03-06 22:17:06.160] [warning] Couldn't find file 'r_bofoot.vtp'.
[2025-03-06 22:17:06.160] [warning] Couldn't find file 'r_bofoot.vtp'.
[2025-03-06 22:17:06.160] [warning] Couldn't find file 'r_bofoot.vtp'.
[2025-03-06 22:17:06.160] [warning] Couldn't find file 'r_bofoot.vtp'.
[2025-03-06 22:17:06.160] [info] Loaded model model from file footModel_2.osim
[2025-03-06 22:17:06.160] [warning] Couldn't find file 'l_foot.vtp'.
[2025-03-06 22:17:06.160] [warning] Couldn't find file 'l_bofoot.vtp'.
[2025-03-06 22:17:06.161] [info] Loaded model model from file footModel_2.osim
[2025-03-06 22:17:06.161] [warning] Couldn't find file 'l_foot.vtp'.
[2025-03-06 22:17:06.161] [warning] Couldn't find file 'l_bofoot.vtp'.
[2025-03-06 22:17:06.162] [info] Loaded model model from file footModel_2.osim
[2025-03-06 22:17:06.162] [warning] Couldn't find file 'l_foot.vtp'.
[2025-03-06 22:17:06.162] [warning] Couldn't find file 'l_bofoot.vtp'.
[2025-03-06 22:17:06.162] [info] Loaded model model from file footModel_2.osim
[2025-03-06 22:17:06.162] [info] Loaded model model from file footModel_2.osim
[2025-03-06 22:17:06.162] [info] Loaded model model from file footModel_2.osim
[2025-03-06 22:17:06.162] [warning] Couldn't find file 'l_foot.vtp'.
[2025-03-06 22:17:06.162] [warning] Couldn't find file 'l_foot.vtp'.
[2025-03-06 22:17:06.162] [warning] Couldn't find file 'l_foot.vtp'.
[2025-03-06 22:17:06.162] [warning] Couldn't find file 'l_foot.vtp'.
[2025-03-06 22:17:06.163] [warning] Couldn't find file 'l_bofoot.vtp'.
[2025-03-06 22:17:06.163] [warning] Couldn't find file 'l_bofoot.vtp'.
[2025-03-06 22:17:06.163] [warning] Couldn't find file 'l_bofoot.vtp'.
[2025-03-06 22:17:06.163] [info] Loaded model model from file footModel_2.osim
[2025-03-06 22:17:06.163] [info] Loaded model model from file footModel_2.osim
[2025-03-06 22:17:06.163] [info] Loaded model model from file footModel_2.osim
[2025-03-06 22:17:06.163] [info] Loaded model model from file footModel_2.osim
[2025-03-06 22:17:06.163] [warning] Couldn't find file 'l_foot.vtp'.
[2025-03-06 22:17:06.163] [warning] Couldn't find file 'l_foot.vtp'.
[2025-03-06 22:17:06.163] [warning] Couldn't find file 'l_foot.vtp'.
[2025-03-06 22:17:06.163] [info] Loaded model model from file footModel_2.osim
[2025-03-06 22:17:06.163] [warning] Couldn't find file 'l_foot.vtp'.
[2025-03-06 22:17:06.163] [warning] Couldn't find file 'l_bofoot.vtp'.
[2025-03-06 22:17:06.163] [warning] Couldn't find file 'l_bofoot.vtp'.
[2025-03-06 22:17:06.163] [info] Loaded model model from file footModel_2.osim
[2025-03-06 22:17:06.163] [warning] Couldn't find file 'l_bofoot.vtp'.
[2025-03-06 22:17:06.163] [warning] Couldn't find file 'l_bofoot.vtp'.
[2025-03-06 22:17:06.163] [warning] Couldn't find file 'l_foot.vtp'.
[2025-03-06 22:17:06.163] [warning] Couldn't find file 'l_foot.vtp'.
[2025-03-06 22:17:06.163] [warning] Couldn't find file 'l_bofoot.vtp'.
[2025-03-06 22:17:06.163] [warning] Couldn't find file 'l_bofoot.vtp'.
[2025-03-06 22:17:06.163] [info] Loaded model model from file footModel_2.osim
[2025-03-06 22:17:06.163] [info] Loaded model model from file footModel_2.osim
[2025-03-06 22:17:06.163] [warning] Couldn't find file 'l_foot.vtp'.
[2025-03-06 22:17:06.163] [warning] Couldn't find file 'l_foot.vtp'.
[2025-03-06 22:17:06.163] [info] Loaded model model from file footModel_2.osim
[2025-03-06 22:17:06.164] [warning] Couldn't find file 'l_bofoot.vtp'.
[2025-03-06 22:17:06.164] [warning] Couldn't find file 'l_bofoot.vtp'.
[2025-03-06 22:17:06.164] [warning] Couldn't find file 'l_foot.vtp'.
[2025-03-06 22:17:06.164] [warning] Couldn't find file 'l_bofoot.vtp'.
[2025-03-06 22:25:07.305] [info] Loaded model model from file footModel_1.osim
[2025-03-06 22:25:07.306] [warning] Couldn't find file 'r_foot.vtp'.
[2025-03-06 22:25:07.306] [warning] Couldn't find file 'r_bofoot.vtp'.
[2025-03-06 22:25:07.306] [info] Loaded model model from file footModel_1.osim
[2025-03-06 22:25:07.306] [warning] Couldn't find file 'r_foot.vtp'.
[2025-03-06 22:25:07.306] [info] Loaded model model from file footModel_1.osim
[2025-03-06 22:25:07.306] [warning] Couldn't find file 'r_bofoot.vtp'.
[2025-03-06 22:25:07.306] [warning] Couldn't find file 'r_foot.vtp'.
[2025-03-06 22:25:07.306] [info] Loaded model model from file footModel_1.osim
[2025-03-06 22:25:07.306] [warning] Couldn't find file 'r_bofoot.vtp'.
[2025-03-06 22:25:07.306] [info] Loaded model model from file footModel_1.osim
[2025-03-06 22:25:07.306] [warning] Couldn't find file 'r_foot.vtp'.
[2025-03-06 22:25:07.306] [info] Loaded model model from file footModel_1.osim
[2025-03-06 22:25:07.306] [warning] Couldn't find file 'r_foot.vtp'.
[2025-03-06 22:25:07.306] [warning] Couldn't find file 'r_bofoot.vtp'.
[2025-03-06 22:25:07.307] [warning] Couldn't find file 'r_bofoot.vtp'.
[2025-03-06 22:25:07.307] [info] Loaded model model from file footModel_1.osim
[2025-03-06 22:25:07.307] [warning] Couldn't find file 'r_foot.vtp'.
[2025-03-06 22:25:07.307] [warning] Couldn't find file 'r_foot.vtp'.
[2025-03-06 22:25:07.307] [info] Loaded model model from file footModel_1.osim
[2025-03-06 22:25:07.307] [warning] Couldn't find file 'r_bofoot.vtp'.
[2025-03-06 22:25:07.307] [warning] Couldn't find file 'r_bofoot.vtp'.
[2025-03-06 22:25:07.307] [info] Loaded model model from file footModel_1.osim
[2025-03-06 22:25:07.307] [warning] Couldn't find file 'r_foot.vtp'.
[2025-03-06 22:25:07.307] [warning] Couldn't find file 'r_bofoot.vtp'.
[2025-03-06 22:25:07.307] [warning] Couldn't find file 'r_foot.vtp'.
[2025-03-06 22:25:07.307] [info] Loaded model model from file footModel_1.osim
[2025-03-06 22:25:07.307] [warning] Couldn't find file 'r_bofoot.vtp'.
[2025-03-06 22:25:07.307] [warning] Couldn't find file 'r_foot.vtp'.
[2025-03-06 22:25:07.307] [warning] Couldn't find file 'r_bofoot.vtp'.
[2025-03-06 22:25:07.307] [info] Loaded model model from file footModel_1.osim
[2025-03-06 22:25:07.307] [warning] Couldn't find file 'r_foot.vtp'.
[2025-03-06 22:25:07.307] [warning] Couldn't find file 'r_bofoot.vtp'.
[2025-03-06 22:25:07.308] [info] Loaded model model from file footModel_1.osim
[2025-03-06 22:25:07.308] [info] Loaded model model from file footModel_1.osim
[2025-03-06 22:25:07.308] [warning] Couldn't find file 'r_foot.vtp'.
[2025-03-06 22:25:07.308] [warning] Couldn't find file 'r_bofoot.vtp'.
[2025-03-06 22:25:07.308] [warning] Couldn't find file 'r_foot.vtp'.
[2025-03-06 22:25:07.308] [warning] Couldn't find file 'r_bofoot.vtp'.
[2025-03-06 22:25:07.308] [info] Loaded model model from file footModel_1.osim
[2025-03-06 22:25:07.308] [warning] Couldn't find file 'r_foot.vtp'.
l_1.osim
[2025-03-06 22:25:07.308] [warning] Couldn't find file 'r_bofoot.vtp'.
[2025-03-06 22:25:07.308] [warning] Couldn't find file 'r_foot.vtp'.
[2025-03-06 22:25:07.308] [warning] Couldn't find file 'r_bofoot.vtp'.
[2025-03-06 22:25:07.309] [info] Loaded model model from file footModel_2.osim
[2025-03-06 22:25:07.309] [warning] Couldn't find file 'l_foot.vtp'.
[2025-03-06 22:25:07.309] [warning] Couldn't find file 'l_bofoot.vtp'.
[2025-03-06 22:25:07.309] [info] Loaded model model from file footModel_2.osim
[2025-03-06 22:25:07.309] [warning] Couldn't find file 'l_foot.vtp'.
[2025-03-06 22:25:07.309] [warning] Couldn't find file 'l_bofoot.vtp'.
[2025-03-06 22:25:07.310] [info] Loaded model model from file footModel_2.osim
[2025-03-06 22:25:07.310] [warning] Couldn't find file 'l_foot.vtp'.
[2025-03-06 22:25:07.310] [warning] Couldn't find file 'l_bofoot.vtp'.
[2025-03-06 22:25:07.310] [info] Loaded model model from file footModel_2.osim
[2025-03-06 22:25:07.310] [warning] Couldn't find file 'l_foot.vtp'.
[2025-03-06 22:25:07.310] [warning] Couldn't find file 'l_bofoot.vtp'.
[2025-03-06 22:25:07.310] [info] Loaded model model from file footModel_2.osim
[2025-03-06 22:25:07.310] [warning] Couldn't find file 'l_foot.vtp'.
[2025-03-06 22:25:07.310] [info] Loaded model model from file footModel_2.osim
[2025-03-06 22:25:07.310] [warning] Couldn't find file 'l_bofoot.vtp'.
[2025-03-06 22:25:07.311] [warning] Couldn't find file 'l_foot.vtp'.
[2025-03-06 22:25:07.311] [info] Loaded model model from file footModel_2.osim
[2025-03-06 22:25:07.311] [warning] Couldn't find file 'l_bofoot.vtp'.
[2025-03-06 22:25:07.311] [warning] Couldn't find file 'l_foot.vtp'.
[2025-03-06 22:25:07.311] [info] Loaded model model from file footModel_2.osim
[2025-03-06 22:25:07.311] [warning] Couldn't find file 'l_bofoot.vtp'.
[2025-03-06 22:25:07.311] [warning] Couldn't find file 'l_foot.vtp'.
[2025-03-06 22:25:07.311] [warning] Couldn't find file 'l_bofoot.vtp'.
[2025-03-06 22:25:07.311] [info] Loaded model model from file footModel_2.osim
[2025-03-06 22:25:07.311] [info] Loaded model model from file footModel_2.osim
[2025-03-06 22:25:07.311] [info] Loaded model model from file footModel_2.osim
[2025-03-06 22:25:07.311] [warning] Couldn't find file 'l_foot.vtp'.
[2025-03-06 22:25:07.311] [warning] Couldn't find file 'l_foot.vtp'.
[2025-03-06 22:25:07.311] [warning] Couldn't find file 'l_bofoot.vtp'.
[2025-03-06 22:25:07.311] [warning] Couldn't find file 'l_foot.vtp'.
[2025-03-06 22:25:07.311] [info] Loaded model model from file footModel_2.osim
[2025-03-06 22:25:07.311] [warning] Couldn't find file 'l_foot.vtp'.
[2025-03-06 22:25:07.311] [warning] Couldn't find file 'l_bofoot.vtp'.
[2025-03-06 22:25:07.311] [warning] Couldn't find file 'l_bofoot.vtp'.
[2025-03-06 22:25:07.311] [info] Loaded model model from file footModel_2.osim
[2025-03-06 22:25:07.312] [warning] Couldn't find file 'l_foot.vtp'.
[2025-03-06 22:25:07.312] [warning] Couldn't find file 'l_bofoot.vtp'.
[2025-03-06 22:25:07.312] [info] Loaded model model from file footModel_2.osim
[2025-03-06 22:25:07.312] [info] Loaded model model from file footModel_2.osim
[2025-03-06 22:25:07.312] [warning] Couldn't find file 'l_foot.vtp'.
[2025-03-06 22:25:07.312] [warning] Couldn't find file 'l_foot.vtp'.
[2025-03-06 22:25:07.312] [warning] Couldn't find file 'l_bofoot.vtp'.
[2025-03-06 22:25:07.312] [warning] Couldn't find file 'l_bofoot.vtp'.
[2025-03-06 22:25:07.315] [info] Loaded model model from file footModel_1.osim
[2025-03-06 22:25:07.315] [warning] Couldn't find file 'r_foot.vtp'.
[2025-03-06 22:25:07.315] [warning] Couldn't find file 'r_bofoot.vtp'.
[2025-03-06 22:25:07.319] [info] Loaded model model from file footModel_2.osim
[2025-03-06 22:25:07.319] [warning] Couldn't find file 'l_foot.vtp'.
[2025-03-06 22:25:07.320] [warning] Couldn't find file 'l_bofoot.vtp'.
